<?xml version="1.0" encoding="UTF-8"?>
<!-- Generated by org.testng.reporters.JUnitReportReporter -->
<testsuite skipped="0" hostname="DESKTOP-CS733UO" name="com.mytests.SauceTest" tests="4" failures="0" timestamp="2022-08-11T21:21:10 IST" time="53.837" errors="0">
  <testcase name="checkAddToCartButtonTest" time="11.377" classname="com.mytests.SauceTest"/>
  <system-out/>
  <testcase name="checkAddToCartButtonTest" time="15.477" classname="com.mytests.SauceTest"/>
  <system-out/>
  <testcase name="checkInventoryItemTest" time="15.309" classname="com.mytests.SauceTest"/>
  <system-out/>
  <testcase name="checkInventoryItemTest" time="11.674" classname="com.mytests.SauceTest"/>
  <system-out/>
</testsuite> <!-- com.mytests.SauceTest -->
